Mon Apr 27 20:25:30 UTC 2026
Mon Apr 27 20:48:16 UTC 2026
Mon Apr 27 21:18:18 UTC 2026
Mon Apr 27 22:42:26 UTC 2026
Tue Apr 28 03:26:10 UTC 2026
Tue Apr 28 05:21:48 UTC 2026
Tue Apr 28 06:35:02 UTC 2026
Tue Apr 28 08:31:21 UTC 2026
Tue Apr 28 10:17:31 UTC 2026
Tue Apr 28 11:30:34 UTC 2026
Tue Apr 28 14:12:24 UTC 2026
Tue Apr 28 16:09:38 UTC 2026
Tue Apr 28 17:47:33 UTC 2026
Tue Apr 28 19:44:50 UTC 2026
Tue Apr 28 20:57:35 UTC 2026
Tue Apr 28 22:48:41 UTC 2026
Wed Apr 29 03:24:24 UTC 2026
Wed Apr 29 05:18:02 UTC 2026
Wed Apr 29 06:29:40 UTC 2026
Wed Apr 29 08:25:08 UTC 2026
Wed Apr 29 10:08:29 UTC 2026
Wed Apr 29 11:23:00 UTC 2026
Wed Apr 29 14:02:14 UTC 2026
Wed Apr 29 15:57:48 UTC 2026
Wed Apr 29 17:40:23 UTC 2026
Wed Apr 29 19:40:48 UTC 2026
Wed Apr 29 20:50:21 UTC 2026
Wed Apr 29 22:50:51 UTC 2026
Thu Apr 30 03:25:21 UTC 2026
Thu Apr 30 05:21:38 UTC 2026
Thu Apr 30 06:33:14 UTC 2026
Thu Apr 30 08:27:52 UTC 2026
Thu Apr 30 10:09:00 UTC 2026
Thu Apr 30 11:22:15 UTC 2026
Thu Apr 30 14:01:04 UTC 2026
Thu Apr 30 15:48:36 UTC 2026
Thu Apr 30 17:22:33 UTC 2026
Thu Apr 30 19:26:46 UTC 2026
Thu Apr 30 20:49:07 UTC 2026
Thu Apr 30 22:43:59 UTC 2026
Fri May  1 03:35:28 UTC 2026
Fri May  1 05:33:55 UTC 2026
Fri May  1 06:41:28 UTC 2026
Fri May  1 08:19:00 UTC 2026
Fri May  1 09:48:55 UTC 2026
Fri May  1 11:00:03 UTC 2026
Fri May  1 13:22:40 UTC 2026
Fri May  1 15:00:22 UTC 2026
Fri May  1 16:58:14 UTC 2026
Fri May  1 19:16:03 UTC 2026
Fri May  1 20:40:16 UTC 2026
Fri May  1 22:41:55 UTC 2026
Sat May  2 02:51:30 UTC 2026
Sat May  2 04:51:06 UTC 2026
Sat May  2 06:13:10 UTC 2026
Sat May  2 07:50:23 UTC 2026
Sat May  2 09:10:02 UTC 2026
Sat May  2 10:40:07 UTC 2026
Sat May  2 13:16:17 UTC 2026
Sat May  2 14:53:26 UTC 2026
Sat May  2 16:50:43 UTC 2026
Sat May  2 19:03:15 UTC 2026
Sat May  2 20:29:57 UTC 2026
Sat May  2 22:32:26 UTC 2026
